[0m[[0m[0mdebug[0m] [0m[0m> Exec(__runWatch console0, Some(50cf0331-52d9-4ab3-9548-0e84c1074814), Some(CommandSource(console0)))[0m
[0m[[0m[0mdebug[0m] [0m[0m> Exec(sbtStashOnFailure, None, Some(CommandSource(console0)))[0m
[0m[[0m[0mdebug[0m] [0m[0m> Exec(__preWatch console0, None, Some(CommandSource(console0)))[0m
[0m[[0m[0mdebug[0m] [0m[0m> Exec(run, None, Some(CommandSource(console0)))[0m
[0m[[0m[0mdebug[0m] [0m[0mEvaluating tasks: Compile / run[0m
[0m[[0m[0mdebug[0m] [0m[0mRunning task... Cancel: bloop.integrations.sbt.Offloader$$anon$1@13a6e95, check cycles: false, forcegc: true[0m
[0m[[0m[0minfo[0m] [0m[0mcompiling 1 Scala source to C:\Users\leifr\Desktop\new project 0\target\scala-2.11\classes ...[0m
[0m[[0m[31merror[0m] [0m[0mC:\Users\leifr\Desktop\new project 0\src\main\scala\pj0.scala:97:32: not found: value connection[0m
[0m[[0m[31merror[0m] [0m[0m              val statement2 = connection.createStatement()[0m
[0m[[0m[31merror[0m] [0m[0m                               ^[0m
[0m[[0m[31merror[0m] [0m[0mC:\Users\leifr\Desktop\new project 0\src\main\scala\pj0.scala:100:14: not found: value log[0m
[0m[[0m[31merror[0m] [0m[0m             log.write(Calendar.getInstance().getTimeInMillis  + " -  Executing 'INSERT INTO Gradesheet(StudentNumber, StudentName, Period, Grade) VALUES ("+n+", "+inputName+", "+inputPeriod+", "+inputScore+");' \n")[0m
[0m[[0m[31merror[0m] [0m[0m             ^[0m
[0m[[0m[31merror[0m] [0m[0mC:\Users\leifr\Desktop\new project 0\src\main\scala\pj0.scala:100:158: not found: value n[0m
[0m[[0m[31merror[0m] [0m[0m             log.write(Calendar.getInstance().getTimeInMillis  + " -  Executing 'INSERT INTO Gradesheet(StudentNumber, StudentName, Period, Grade) VALUES ("+n+", "+inputName+", "+inputPeriod+", "+inputScore+");' \n")[0m
[0m[[0m[31merror[0m] [0m[0m                                                                                                                                                             ^[0m
[0m[[0m[31merror[0m] [0m[0mC:\Users\leifr\Desktop\new project 0\src\main\scala\pj0.scala:100:165: not found: value inputName[0m
[0m[[0m[31merror[0m] [0m[0m             log.write(Calendar.getInstance().getTimeInMillis  + " -  Executing 'INSERT INTO Gradesheet(StudentNumber, StudentName, Period, Grade) VALUES ("+n+", "+inputName+", "+inputPeriod+", "+inputScore+");' \n")[0m
[0m[[0m[31merror[0m] [0m[0m                                                                                                                                                                    ^[0m
[0m[[0m[31merror[0m] [0m[0mC:\Users\leifr\Desktop\new project 0\src\main\scala\pj0.scala:100:180: not found: value inputPeriod[0m
[0m[[0m[31merror[0m] [0m[0m             log.write(Calendar.getInstance().getTimeInMillis  + " -  Executing 'INSERT INTO Gradesheet(StudentNumber, StudentName, Period, Grade) VALUES ("+n+", "+inputName+", "+inputPeriod+", "+inputScore+");' \n")[0m
[0m[[0m[31merror[0m] [0m[0m                                                                                                                                                                                   ^[0m
[0m[[0m[31merror[0m] [0m[0mC:\Users\leifr\Desktop\new project 0\src\main\scala\pj0.scala:100:197: not found: value inputScore[0m
[0m[[0m[31merror[0m] [0m[0m             log.write(Calendar.getInstance().getTimeInMillis  + " -  Executing 'INSERT INTO Gradesheet(StudentNumber, StudentName, Period, Grade) VALUES ("+n+", "+inputName+", "+inputPeriod+", "+inputScore+");' \n")[0m
[0m[[0m[31merror[0m] [0m[0m                                                                                                                                                                                                    ^[0m
[0m[[0m[31merror[0m] [0m[0mC:\Users\leifr\Desktop\new project 0\src\main\scala\pj0.scala:105:19: not found: value seeSpreadSheet[0m
[0m[[0m[31merror[0m] [0m[0m              if (seeSpreadSheet.contains('y')==true) {[0m
[0m[[0m[31merror[0m] [0m[0m                  ^[0m
[0m[[0m[31merror[0m] [0m[0mC:\Users\leifr\Desktop\new project 0\src\main\scala\pj0.scala:106:31: not found: value driver[0m
[0m[[0m[31merror[0m] [0m[0m                Class.forName(driver)[0m
[0m[[0m[31merror[0m] [0m[0m                              ^[0m
[0m[[0m[31merror[0m] [0m[0mC:\Users\leifr\Desktop\new project 0\src\main\scala\pj0.scala:107:15: not found: value connection[0m
[0m[[0m[31merror[0m] [0m[0m              connection = DriverManager.getConnection(url, username, password)[0m
[0m[[0m[31merror[0m] [0m[0m              ^[0m
[0m[[0m[31merror[0m] [0m[0mC:\Users\leifr\Desktop\new project 0\src\main\scala\pj0.scala:108:33: not found: value connection[0m
[0m[[0m[31merror[0m] [0m[0m                val statement = connection.createStatement()[0m
[0m[[0m[31merror[0m] [0m[0m                                ^[0m
[0m[[0m[31merror[0m] [0m[0mC:\Users\leifr\Desktop\new project 0\src\main\scala\pj0.scala:110:17: not found: value log[0m
[0m[[0m[31merror[0m] [0m[0m                log.write(Calendar.getInstance().getTimeInMillis + " - Excecuting 'SELECT * FROM Gradesheet;' \n")[0m
[0m[[0m[31merror[0m] [0m[0m                ^[0m
[0m[[0m[31merror[0m] [0m[0mC:\Users\leifr\Desktop\new project 0\src\main\scala\pj0.scala:122:17: not found: value mistake[0m
[0m[[0m[31merror[0m] [0m[0m            if (mistake.contains('b')==true)[0m
[0m[[0m[31merror[0m] [0m[0m                ^[0m
[0m[[0m[31merror[0m] [0m[0mC:\Users\leifr\Desktop\new project 0\src\main\scala\pj0.scala:123:30: not found: value driver[0m
[0m[[0m[31merror[0m] [0m[0m              {Class.forName(driver)[0m
[0m[[0m[31merror[0m] [0m[0m                             ^[0m
[0m[[0m[31merror[0m] [0m[0mC:\Users\leifr\Desktop\new project 0\src\main\scala\pj0.scala:124:15: not found: value connection[0m
[0m[[0m[31merror[0m] [0m[0m              connection = DriverManager.getConnection(url, username, password)[0m
[0m[[0m[31merror[0m] [0m[0m              ^[0m
[0m[[0m[31merror[0m] [0m[0mC:\Users\leifr\Desktop\new project 0\src\main\scala\pj0.scala:125:34: not found: value connection[0m
[0m[[0m[31merror[0m] [0m[0m                val statement3 = connection.createStatement()[0m
[0m[[0m[31merror[0m] [0m[0m                                 ^[0m
[0m[[0m[31merror[0m] [0m[0mC:\Users\leifr\Desktop\new project 0\src\main\scala\pj0.scala:127:18: not found: value log[0m
[0m[[0m[31merror[0m] [0m[0m                 log.write(Calendar.getInstance().getTimeInMillis + " - Excecuting 'DELETE FROM Gradesheet WHERE StudentNumber = "+n+"' \n")[0m
[0m[[0m[31merror[0m] [0m[0m                 ^[0m
[0m[[0m[31merror[0m] [0m[0mC:\Users\leifr\Desktop\new project 0\src\main\scala\pj0.scala:127:132: not found: value n[0m
[0m[[0m[31merror[0m] [0m[0m                 log.write(Calendar.getInstance().getTimeInMillis + " - Excecuting 'DELETE FROM Gradesheet WHERE StudentNumber = "+n+"' \n")[0m
[0m[[0m[31merror[0m] [0m[0m                                                                                                                                   ^[0m
[0m[[0m[31merror[0m] [0m[0mC:\Users\leifr\Desktop\new project 0\src\main\scala\pj0.scala:128:17: not found: value n[0m
[0m[[0m[31merror[0m] [0m[0m                n-=1[0m
[0m[[0m[31merror[0m] [0m[0m                ^[0m
[0m[[0m[31merror[0m] [0m[0mC:\Users\leifr\Desktop\new project 0\src\main\scala\pj0.scala:131:21: not found: value mistake[0m
[0m[[0m[31merror[0m] [0m[0m                if (mistake.contains("truncate")==true)[0m
[0m[[0m[31merror[0m] [0m[0m                    ^[0m
[0m[[0m[31merror[0m] [0m[0mC:\Users\leifr\Desktop\new project 0\src\main\scala\pj0.scala:132:32: not found: value driver[0m
[0m[[0m[31merror[0m] [0m[0m               { Class.forName(driver)[0m
[0m[[0m[31merror[0m] [0m[0m                               ^[0m
[0m[[0m[31merror[0m] [0m[0mC:\Users\leifr\Desktop\new project 0\src\main\scala\pj0.scala:133:15: not found: value connection[0m
[0m[[0m[31merror[0m] [0m[0m              connection = DriverManager.getConnection(url, username, password)[0m
[0m[[0m[31merror[0m] [0m[0m              ^[0m
[0m[[0m[31merror[0m] [0m[0mC:\Users\leifr\Desktop\new project 0\src\main\scala\pj0.scala:134:34: not found: value connection[0m
[0m[[0m[31merror[0m] [0m[0m                val statement5 = connection.createStatement()[0m
[0m[[0m[31merror[0m] [0m[0m                                 ^[0m
[0m[[0m[31merror[0m] [0m[0mC:\Users\leifr\Desktop\new project 0\src\main\scala\pj0.scala:136:18: not found: value log[0m
[0m[[0m[31merror[0m] [0m[0m                 log.write(Calendar.getInstance().getTimeInMillis + " - Excecuting 'TRUNCATE Gradesheet' \n")[0m
[0m[[0m[31merror[0m] [0m[0m                 ^[0m
[0m[[0m[31merror[0m] [0m[0mC:\Users\leifr\Desktop\new project 0\src\main\scala\pj0.scala:138:32: not found: value arrBuff[0m
[0m[[0m[31merror[0m] [0m[0m                for (i <- 0 to arrBuff.length-1)[0m
[0m[[0m[31merror[0m] [0m[0m                               ^[0m
[0m[[0m[31merror[0m] [0m[0mC:\Users\leifr\Desktop\new project 0\src\main\scala\pj0.scala:139:20: not found: value arrBuff[0m
[0m[[0m[31merror[0m] [0m[0m                  {arrBuff(i)=0}[0m
[0m[[0m[31merror[0m] [0m[0m                   ^[0m
[0m[[0m[31merror[0m] [0m[0mC:\Users\leifr\Desktop\new project 0\src\main\scala\pj0.scala:141:18: not found: value n[0m
[0m[[0m[31merror[0m] [0m[0m                 n=0[0m
[0m[[0m[31merror[0m] [0m[0m                 ^[0m
[0m[[0m[31merror[0m] [0m[0m26 errors found[0m
[0m[[0m[0mdebug[0m] [0m[0mForcing garbage collection...[0m
[0m[[0m[31merror[0m] [0m[0m(Compile / [31mcompileIncremental[0m) Compilation failed[0m
[0m[[0m[31merror[0m] [0m[0mTotal time: 2 s, completed Jan 11, 2022 4:22:35 AM[0m
[0m[[0m[0mdebug[0m] [0m[0m> Exec(resumeFromFailure, None, Some(CommandSource(console0)))[0m
[0m[[0m[0mdebug[0m] [0m[0m> Exec(sbtPopOnFailure, None, Some(CommandSource(console0)))[0m
[0m[[0m[0mdebug[0m] [0m[0m> Exec(__postWatch console0, None, Some(CommandSource(console0)))[0m
[0m[[0m[0mdebug[0m] [0m[0m> Exec(resumeFromFailure, None, None)[0m
[0m[[0m[0mdebug[0m] [0m[0m> Exec(__waitWatch console0, None, None)[0m
